Solicitud de existencia de boleta: 2012660148, true
Solicitud de materias: 2012660148
Solicitud de estado de curse de ua: 2012660148, "Ética, profesión y sociedad", true
Solicitud de estado de recurse: 2012660148, "Ética, profesión y sociedad", true
Solicitud de estado de curse de ua: 2012660148, "Sociedad, ciencia y tecnología", true
Solicitud de estado de recurse: 2012660148, "Sociedad, ciencia y tecnología", false
Solicitud de estado de curse de ua: 2012660148, Administración de proyectos, true
Solicitud de estado de recurse: 2012660148, Administración de proyectos, false
Solicitud de estado de curse de ua: 2012660148, Administración de Sistemas Operativos, true
Solicitud de estado de recurse: 2012660148, Administración de Sistemas Operativos, false
Solicitud de estado de curse de ua: 2012660148, Administración Organizacional, false
Solicitud de estado de recurse: 2012660148, Administración Organizacional, false
Solicitud de estado de curse de ua: 2012660148, Álgebra Lineal, false
Solicitud de estado de recurse: 2012660148, Álgebra Lineal, false
Solicitud de estado de curse de ua: 2012660148, Análisis y Diseño de Sistemas, false
Solicitud de estado de recurse: 2012660148, Análisis y Diseño de Sistemas, false
Solicitud de estado de curse de ua: 2012660148, Aplicaciones Distribuidas, false
Solicitud de estado de recurse: 2012660148, Aplicaciones Distribuidas, false
Solicitud de estado de curse de ua: 2012660148, Arquitectura de Computadoras, false
Solicitud de estado de recurse: 2012660148, Arquitectura de Computadoras, false
Solicitud de estado de curse de ua: 2012660148, Base de Datos, false
Solicitud de estado de recurse: 2012660148, Base de Datos, false
Solicitud de estado de curse de ua: 2012660148, Bases de Datos Distribuidas, false
Solicitud de estado de recurse: 2012660148, Bases de Datos Distribuidas, false
Solicitud de estado de curse de ua: 2012660148, Cálculo Diferencial e Integral, false
Solicitud de estado de recurse: 2012660148, Cálculo Diferencial e Integral, false
Solicitud de estado de curse de ua: 2012660148, Cálculo Multivariable, false
Solicitud de estado de recurse: 2012660148, Cálculo Multivariable, false
Solicitud de estado de curse de ua: 2012660148, Comunicación oral y escrita, false
Solicitud de estado de recurse: 2012660148, Comunicación oral y escrita, false
Solicitud de estado de curse de ua: 2012660148, Comunicaciones Digitales, false
Solicitud de estado de recurse: 2012660148, Comunicaciones Digitales, false
Solicitud de estado de curse de ua: 2012660148, Criptografía, false
Solicitud de estado de recurse: 2012660148, Criptografía, false
Solicitud de estado de curse de ua: 2012660148, Desarrollo Sustentable elegible, false
Solicitud de estado de recurse: 2012660148, Desarrollo Sustentable elegible, false
Solicitud de estado de curse de ua: 2012660148, Diseño digital, false
Solicitud de estado de recurse: 2012660148, Diseño digital, false
Solicitud de estado de curse de ua: 2012660148, Dispositivos Programables, false
Solicitud de estado de recurse: 2012660148, Dispositivos Programables, false
Solicitud de estado de curse de ua: 2012660148, Economía para ingenieros, false
Solicitud de estado de recurse: 2012660148, Economía para ingenieros, false
Solicitud de estado de curse de ua: 2012660148, Ecuaciones Diferenciales, false
Solicitud de estado de recurse: 2012660148, Ecuaciones Diferenciales, false
Solicitud de estado de curse de ua: 2012660148, Electromagnetismo, false
Solicitud de estado de recurse: 2012660148, Electromagnetismo, false
Solicitud de estado de curse de ua: 2012660148, Electrónica , false
Solicitud de estado de recurse: 2012660148, Electrónica , false
Solicitud de estado de curse de ua: 2012660148, Electrónica para Comunicaciones, false
Solicitud de estado de recurse: 2012660148, Electrónica para Comunicaciones, false
Solicitud de estado de curse de ua: 2012660148, Estructura de Datos, false
Solicitud de estado de recurse: 2012660148, Estructura de Datos, false
Solicitud de estado de curse de ua: 2012660148, Filtrado Avanzado, false
Solicitud de estado de recurse: 2012660148, Filtrado Avanzado, false
Solicitud de estado de curse de ua: 2012660148, Fundamentos de Física, false
Solicitud de estado de recurse: 2012660148, Fundamentos de Física, false
Solicitud de estado de curse de ua: 2012660148, Información financiera e inegniería económica, false
Solicitud de estado de recurse: 2012660148, Información financiera e inegniería económica, false
Solicitud de estado de curse de ua: 2012660148, Ingeniería Web, false
Solicitud de estado de recurse: 2012660148, Ingeniería Web, false
Solicitud de estado de curse de ua: 2012660148, Inglés I, false
Solicitud de estado de recurse: 2012660148, Inglés I, false
Solicitud de estado de curse de ua: 2012660148, Inglés II, false
Solicitud de estado de recurse: 2012660148, Inglés II, false
Solicitud de estado de curse de ua: 2012660148, Inglés III, false
Solicitud de estado de recurse: 2012660148, Inglés III, false
Solicitud de estado de curse de ua: 2012660148, Inglés IV, false
Solicitud de estado de recurse: 2012660148, Inglés IV, false
Solicitud de estado de curse de ua: 2012660148, Liderazgo y emprendedores, false
Solicitud de estado de recurse: 2012660148, Liderazgo y emprendedores, false
Solicitud de estado de curse de ua: 2012660148, Líneas de Transmisión y Antenas, false
Solicitud de estado de recurse: 2012660148, Líneas de Transmisión y Antenas, false
Solicitud de estado de curse de ua: 2012660148, Lógica Difusa, false
Solicitud de estado de recurse: 2012660148, Lógica Difusa, false
Solicitud de estado de curse de ua: 2012660148, Metodología de la investigación, false
Solicitud de estado de recurse: 2012660148, Metodología de la investigación, false
Solicitud de estado de curse de ua: 2012660148, Métodos Numéricos, false
Solicitud de estado de recurse: 2012660148, Métodos Numéricos, false
Solicitud de estado de curse de ua: 2012660148, Microondas, false
Solicitud de estado de recurse: 2012660148, Microondas, false
Solicitud de estado de curse de ua: 2012660148, Multimedia, false
Solicitud de estado de recurse: 2012660148, Multimedia, false
Solicitud de estado de curse de ua: 2012660148, Óptica, false
Solicitud de estado de recurse: 2012660148, Óptica, false
Solicitud de estado de curse de ua: 2012660148, Probabilidad , false
Solicitud de estado de recurse: 2012660148, Probabilidad , false
Solicitud de estado de curse de ua: 2012660148, Procesamiento de Imágenes, false
Solicitud de estado de recurse: 2012660148, Procesamiento de Imágenes, false
Solicitud de estado de curse de ua: 2012660148, Procesamiento de Voz, false
Solicitud de estado de recurse: 2012660148, Procesamiento de Voz, false
Solicitud de estado de curse de ua: 2012660148, Procesamiento Digital de Señales, false
Solicitud de estado de recurse: 2012660148, Procesamiento Digital de Señales, false
Solicitud de estado de curse de ua: 2012660148, Programación, false
Solicitud de estado de recurse: 2012660148, Programación, false
Solicitud de estado de curse de ua: 2012660148, Programación Avanzada, false
Solicitud de estado de recurse: 2012660148, Programación Avanzada, false
Solicitud de estado de curse de ua: 2012660148, Programación de Dispositivos Móviles, false
Solicitud de estado de recurse: 2012660148, Programación de Dispositivos Móviles, false
Solicitud de estado de curse de ua: 2012660148, Programación Estructurada, false
Solicitud de estado de recurse: 2012660148, Programación Estructurada, false
Solicitud de estado de curse de ua: 2012660148, Protocolos de Internet, false
Solicitud de estado de recurse: 2012660148, Protocolos de Internet, false
Solicitud de estado de curse de ua: 2012660148, Proyecto Terminal I, false
Solicitud de estado de recurse: 2012660148, Proyecto Terminal I, false
Solicitud de estado de curse de ua: 2012660148, Proyecto Terminal II, false
Solicitud de estado de recurse: 2012660148, Proyecto Terminal II, false
Solicitud de estado de curse de ua: 2012660148, Redes de Telecomunicaciones, false
Solicitud de estado de recurse: 2012660148, Redes de Telecomunicaciones, false
Solicitud de estado de curse de ua: 2012660148, Redes Inalámbricas, false
Solicitud de estado de recurse: 2012660148, Redes Inalámbricas, false
Solicitud de estado de curse de ua: 2012660148, Redes Inteligentes, false
Solicitud de estado de recurse: 2012660148, Redes Inteligentes, false
Solicitud de estado de curse de ua: 2012660148, Redes Neuronales, false
Solicitud de estado de recurse: 2012660148, Redes Neuronales, false
Solicitud de estado de curse de ua: 2012660148, Seguridad en Redes, false
Solicitud de estado de recurse: 2012660148, Seguridad en Redes, false
Solicitud de estado de curse de ua: 2012660148, Señales y Sistemas, false
Solicitud de estado de recurse: 2012660148, Señales y Sistemas, false
Solicitud de estado de curse de ua: 2012660148, Sistemas Celulares, false
Solicitud de estado de recurse: 2012660148, Sistemas Celulares, false
Solicitud de estado de curse de ua: 2012660148, Sistemas de calidad, false
Solicitud de estado de recurse: 2012660148, Sistemas de calidad, false
Solicitud de estado de curse de ua: 2012660148, Sistemas de Información Geográfica, false
Solicitud de estado de recurse: 2012660148, Sistemas de Información Geográfica, false
Solicitud de estado de curse de ua: 2012660148, Sistemas Distribuidos, false
Solicitud de estado de recurse: 2012660148, Sistemas Distribuidos, false
Solicitud de estado de curse de ua: 2012660148, Telefonía, false
Solicitud de estado de recurse: 2012660148, Telefonía, false
Solicitud de estado de curse de ua: 2012660148, Televisión Digital, false
Solicitud de estado de recurse: 2012660148, Televisión Digital, false
Solicitud de estado de curse de ua: 2012660148, Teoría de la Información, false
Solicitud de estado de recurse: 2012660148, Teoría de la Información, false
Solicitud de estado de curse de ua: 2012660148, Teoría de las Comunicaciones, false
Solicitud de estado de recurse: 2012660148, Teoría de las Comunicaciones, false
Solicitud de estado de curse de ua: 2012660148, Teoria de los Circuitos, false
Solicitud de estado de recurse: 2012660148, Teoria de los Circuitos, false
Solicitud de estado de curse de ua: 2012660148, Transmisión de Datos, false
Solicitud de estado de recurse: 2012660148, Transmisión de Datos, false
Solicitud de estado de curse de ua: 2012660148, Variable Compleja, false
Solicitud de estado de recurse: 2012660148, Variable Compleja, false
Solicitud de carrera: 2012660148, INGENIERIA TELEMÁTICA
Solicitud de nombre: 2012660148, 2012660148
Unidad de aprendizaje insertada: 2012660148, Álgebra Lineal, false
Unidad de aprendizaje eliminada: 2012660148, Administración de Sistemas Operativos
Unidad de aprendizaje eliminada: 2012660148, "Sociedad, ciencia y tecnología"
Unidad de aprendizaje eliminada: 2012660148, Administración de proyectos
Unidad de aprendizaje eliminada: 2012660148, "Ética, profesión y sociedad"
Solicitud de existencia de boleta: 2012660148, true
Solicitud de materias: 2012660148
Solicitud de estado de curse de ua: 2012660148, "Ética, profesión y sociedad", false
Solicitud de estado de recurse: 2012660148, "Ética, profesión y sociedad", false
Solicitud de estado de curse de ua: 2012660148, "Sociedad, ciencia y tecnología", false
Solicitud de estado de recurse: 2012660148, "Sociedad, ciencia y tecnología", false
Solicitud de estado de curse de ua: 2012660148, Administración de proyectos, false
Solicitud de estado de recurse: 2012660148, Administración de proyectos, false
Solicitud de estado de curse de ua: 2012660148, Administración de Sistemas Operativos, false
Solicitud de estado de recurse: 2012660148, Administración de Sistemas Operativos, false
Solicitud de estado de curse de ua: 2012660148, Administración Organizacional, false
Solicitud de estado de recurse: 2012660148, Administración Organizacional, false
Solicitud de estado de curse de ua: 2012660148, Álgebra Lineal, true
Solicitud de estado de recurse: 2012660148, Álgebra Lineal, false
Solicitud de estado de curse de ua: 2012660148, Análisis y Diseño de Sistemas, false
Solicitud de estado de recurse: 2012660148, Análisis y Diseño de Sistemas, false
Solicitud de estado de curse de ua: 2012660148, Aplicaciones Distribuidas, false
Solicitud de estado de recurse: 2012660148, Aplicaciones Distribuidas, false
Solicitud de estado de curse de ua: 2012660148, Arquitectura de Computadoras, false
Solicitud de estado de recurse: 2012660148, Arquitectura de Computadoras, false
Solicitud de estado de curse de ua: 2012660148, Base de Datos, false
Solicitud de estado de recurse: 2012660148, Base de Datos, false
Solicitud de estado de curse de ua: 2012660148, Bases de Datos Distribuidas, false
Solicitud de estado de recurse: 2012660148, Bases de Datos Distribuidas, false
Solicitud de estado de curse de ua: 2012660148, Cálculo Diferencial e Integral, false
Solicitud de estado de recurse: 2012660148, Cálculo Diferencial e Integral, false
Solicitud de estado de curse de ua: 2012660148, Cálculo Multivariable, false
Solicitud de estado de recurse: 2012660148, Cálculo Multivariable, false
Solicitud de estado de curse de ua: 2012660148, Comunicación oral y escrita, false
Solicitud de estado de recurse: 2012660148, Comunicación oral y escrita, false
Solicitud de estado de curse de ua: 2012660148, Comunicaciones Digitales, false
Solicitud de estado de recurse: 2012660148, Comunicaciones Digitales, false
Solicitud de estado de curse de ua: 2012660148, Criptografía, false
Solicitud de estado de recurse: 2012660148, Criptografía, false
Solicitud de estado de curse de ua: 2012660148, Desarrollo Sustentable elegible, false
Solicitud de estado de recurse: 2012660148, Desarrollo Sustentable elegible, false
Solicitud de estado de curse de ua: 2012660148, Diseño digital, false
Solicitud de estado de recurse: 2012660148, Diseño digital, false
Solicitud de estado de curse de ua: 2012660148, Dispositivos Programables, false
Solicitud de estado de recurse: 2012660148, Dispositivos Programables, false
Solicitud de estado de curse de ua: 2012660148, Economía para ingenieros, false
Solicitud de estado de recurse: 2012660148, Economía para ingenieros, false
Solicitud de estado de curse de ua: 2012660148, Ecuaciones Diferenciales, false
Solicitud de estado de recurse: 2012660148, Ecuaciones Diferenciales, false
Solicitud de estado de curse de ua: 2012660148, Electromagnetismo, false
Solicitud de estado de recurse: 2012660148, Electromagnetismo, false
Solicitud de estado de curse de ua: 2012660148, Electrónica , false
Solicitud de estado de recurse: 2012660148, Electrónica , false
Solicitud de estado de curse de ua: 2012660148, Electrónica para Comunicaciones, false
Solicitud de estado de recurse: 2012660148, Electrónica para Comunicaciones, false
Solicitud de estado de curse de ua: 2012660148, Estructura de Datos, false
Solicitud de estado de recurse: 2012660148, Estructura de Datos, false
Solicitud de estado de curse de ua: 2012660148, Filtrado Avanzado, false
Solicitud de estado de recurse: 2012660148, Filtrado Avanzado, false
Solicitud de estado de curse de ua: 2012660148, Fundamentos de Física, false
Solicitud de estado de recurse: 2012660148, Fundamentos de Física, false
Solicitud de estado de curse de ua: 2012660148, Información financiera e inegniería económica, false
Solicitud de estado de recurse: 2012660148, Información financiera e inegniería económica, false
Solicitud de estado de curse de ua: 2012660148, Ingeniería Web, false
Solicitud de estado de recurse: 2012660148, Ingeniería Web, false
Solicitud de estado de curse de ua: 2012660148, Inglés I, false
Solicitud de estado de recurse: 2012660148, Inglés I, false
Solicitud de estado de curse de ua: 2012660148, Inglés II, false
Solicitud de estado de recurse: 2012660148, Inglés II, false
Solicitud de estado de curse de ua: 2012660148, Inglés III, false
Solicitud de estado de recurse: 2012660148, Inglés III, false
Solicitud de estado de curse de ua: 2012660148, Inglés IV, false
Solicitud